#
# There is insufficient memory for the Java Runtime Environment to continue.
# Native memory allocation (mmap) failed to map 268435456 bytes for G1 virtual space
# Possible reasons:
#   The system is out of physical RAM or swap space
#   The process is running with CompressedOops enabled, and the Java Heap may be blocking the growth of the native heap
# Possible solutions:
#   Reduce memory load on the system
#   Increase physical memory or swap space
#   Check if swap backing store is full
#   Decrease Java heap size (-Xmx/-Xms)
#   Decrease number of Java threads
#   Decrease Java thread stack sizes (-Xss)
#   Set larger code cache with -XX:ReservedCodeCacheSize=
#   JVM is running with Zero Based Compressed Oops mode in which the Java heap is
#     placed in the first 32GB address space. The Java Heap base address is the
#     maximum limit for the native heap growth. Please use -XX:HeapBaseMinAddress
#     to set the Java Heap base and to place the Java Heap above 32GB virtual address.
# This output file may be truncated or incomplete.
#
#  Out of Memory Error (os_windows.cpp:3535), pid=19192, tid=32496
#
# JRE version:  (17.0.4.1+1) (build )
# Java VM: Java HotSpot(TM) 64-Bit Server VM (17.0.4.1+1-LTS-2, mixed mode, sharing, tiered, compressed oops, compressed class ptrs, g1 gc, windows-amd64)
# No core dump will be written. Minidumps are not enabled by default on client versions of Windows
#

---------------  S U M M A R Y ------------

Command Line: -Dfile.encoding=UTF-8 -XX:+ShowCodeDetailsInExceptionMessages TvTracker.TvJDBC

Host: Intel(R) Core(TM) i7-7700K CPU @ 4.20GHz, 8 cores, 15G,  Windows 10 , 64 bit Build 19041 (10.0.19041.1889)
Time: Thu Oct 13 21:36:05 2022 Eastern Daylight Time elapsed time: 0.008671 seconds (0d 0h 0m 0s)

---------------  T H R E A D  ---------------

Current thread (0x0000024cb956d960):  JavaThread "Unknown thread" [_thread_in_vm, id=32496, stack(0x000000bc7a700000,0x000000bc7a800000)]

Stack: [0x000000bc7a700000,0x000000bc7a800000]
Native frames: (J=compiled Java code, j=interpreted, Vv=VM code, C=native code)
V  [jvm.dll+0x6723ba]
V  [jvm.dll+0x7d1e34]
V  [jvm.dll+0x7d35de]
V  [jvm.dll+0x7d3c43]
V  [jvm.dll+0x243065]
V  [jvm.dll+0x66f2d9]
V  [jvm.dll+0x663c22]
V  [jvm.dll+0x3011cb]
V  [jvm.dll+0x308766]
V  [jvm.dll+0x35846e]
V  [jvm.dll+0x35869f]
V  [jvm.dll+0x2d83e8]
V  [jvm.dll+0x2d9354]
V  [jvm.dll+0x7a3911]
V  [jvm.dll+0x3662c1]
V  [jvm.dll+0x782d7c]
V  [jvm.dll+0x3e8c1f]
V  [jvm.dll+0x3ea6c1]
C  [jli.dll+0x527b]
C  [ucrtbase.dll+0x21bb2]
C  [KERNEL32.DLL+0x17034]
C  [ntdll.dll+0x526a1]


---------------  P R O C E S S  ---------------

Threads class SMR info:
_java_thread_list=0x00007fffab2ca858, length=0, elements={
}

Java Threads: ( => current thread )

Other Threads:
  0x0000024cb95d9ec0 GCTaskThread "GC Thread#0" [stack: 0x000000bc7a800000,0x000000bc7a900000] [id=30988]
  0x0000024cb95eb4a0 ConcurrentGCThread "G1 Main Marker" [stack: 0x000000bc7a900000,0x000000bc7aa00000] [id=31948]
  0x0000024cb95ebeb0 ConcurrentGCThread "G1 Conc#0" [stack: 0x000000bc7aa00000,0x000000bc7ab00000] [id=25948]

[error occurred during error reporting (printing all threads), id 0xc0000005, EXCEPTION_ACCESS_VIOLATION (0xc0000005) at pc=0x00007fffaab18dd7]

VM state: not at safepoint (not fully initialized)

VM Mutex/Monitor currently owned by a thread:  ([mutex/lock_event])
[0x0000024cb9568e10] Heap_lock - owner thread: 0x0000024cb956d960

Heap address: 0x0000000701000000, size: 4080 MB, Compressed Oops mode: Zero based, Oop shift amount: 3

CDS archive(s) mapped at: [0x0000000000000000-0x0000000000000000-0x0000000000000000), size 0, SharedBaseAddress: 0x0000000800000000, ArchiveRelocationMode: 0.
Narrow klass base: 0x0000000000000000, Narrow klass shift: 0, Narrow klass range: 0x0

GC Precious Log:
<Empty>

Heap:
 garbage-first heap   total 0K, used 0K [0x0000000701000000, 0x0000000800000000)
  region size 2048K, 0 young (0K), 0 survivors (0K)

[error occurred during error reporting (printing heap information), id 0xc0000005, EXCEPTION_ACCESS_VIOLATION (0xc0000005) at pc=0x00007fffaaefb869]

GC Heap History (0 events):
No events

Deoptimization events (0 events):
No events

Classes unloaded (0 events):
No events

Classes redefined (0 events):
No events

Internal exceptions (0 events):
No events

VM Operations (0 events):
No events

Events (1 events):
Event: 0.006 Loaded shared library C:\Program Files\Java\jdk-17.0.4.1\bin\java.dll


Dynamic libraries:
0x00007ff6147e0000 - 0x00007ff6147f0000 	C:\Program Files\Java\jdk-17.0.4.1\bin\javaw.exe
0x00007fffee170000 - 0x00007fffee368000 	C:\WINDOWS\SYSTEM32\ntdll.dll
0x00007fffec850000 - 0x00007fffec90d000 	C:\WINDOWS\System32\KERNEL32.DLL
0x00007fffebbf0000 - 0x00007fffebebe000 	C:\WINDOWS\System32\KERNELBASE.dll
0x00007fffeb9a0000 - 0x00007fffebaa0000 	C:\WINDOWS\System32\ucrtbase.dll
0x00007fffe5a60000 - 0x00007fffe5a78000 	C:\Program Files\Java\jdk-17.0.4.1\bin\jli.dll
0x00007fffe5b90000 - 0x00007fffe5baa000 	C:\Program Files\Java\jdk-17.0.4.1\bin\VCRUNTIME140.dll
0x00007fffec640000 - 0x00007fffec6ee000 	C:\WINDOWS\System32\ADVAPI32.dll
0x00007fffec370000 - 0x00007fffec40e000 	C:\WINDOWS\System32\msvcrt.dll
0x00007fffed190000 - 0x00007fffed22c000 	C:\WINDOWS\System32\sechost.dll
0x00007fffed440000 - 0x00007fffed565000 	C:\WINDOWS\System32\RPCRT4.dll
0x00007fffec440000 - 0x00007fffec5e0000 	C:\WINDOWS\System32\USER32.dll
0x00007fffec1a0000 - 0x00007fffec1c2000 	C:\WINDOWS\System32\win32u.dll
0x00007fffd9820000 - 0x00007fffd9aba000 	C:\WINDOWS\WinSxS\amd64_microsoft.windows.common-controls_6595b64144ccf1df_6.0.19041.1110_none_60b5254171f9507e\COMCTL32.dll
0x00007fffec410000 - 0x00007fffec43a000 	C:\WINDOWS\System32\GDI32.dll
0x00007fffeb890000 - 0x00007fffeb99b000 	C:\WINDOWS\System32\gdi32full.dll
0x00007fffec100000 - 0x00007fffec19d000 	C:\WINDOWS\System32\msvcp_win.dll
0x00007fffe44b0000 - 0x00007fffe44ba000 	C:\WINDOWS\SYSTEM32\VERSION.dll
0x00007fffee100000 - 0x00007fffee130000 	C:\WINDOWS\System32\IMM32.DLL
0x00007fffe73b0000 - 0x00007fffe73bc000 	C:\Program Files\Java\jdk-17.0.4.1\bin\vcruntime140_1.dll
0x00007fffdfdb0000 - 0x00007fffdfe3d000 	C:\Program Files\Java\jdk-17.0.4.1\bin\msvcp140.dll
0x00007fffaa830000 - 0x00007fffab3f2000 	C:\Program Files\Java\jdk-17.0.4.1\bin\server\jvm.dll
0x00007fffec1d0000 - 0x00007fffec1d8000 	C:\WINDOWS\System32\PSAPI.DLL
0x00007fffd0d50000 - 0x00007fffd0d59000 	C:\WINDOWS\SYSTEM32\WSOCK32.dll
0x00007fffe15a0000 - 0x00007fffe15c7000 	C:\WINDOWS\SYSTEM32\WINMM.dll
0x00007fffedee0000 - 0x00007fffedf4b000 	C:\WINDOWS\System32\WS2_32.dll
0x00007fffe97a0000 - 0x00007fffe97b2000 	C:\WINDOWS\SYSTEM32\kernel.appcore.dll
0x00007fffe5d70000 - 0x00007fffe5d7a000 	C:\Program Files\Java\jdk-17.0.4.1\bin\jimage.dll
0x00007fffdef20000 - 0x00007fffdf104000 	C:\WINDOWS\SYSTEM32\DBGHELP.DLL
0x00007fffd0860000 - 0x00007fffd088c000 	C:\WINDOWS\SYSTEM32\dbgcore.DLL
0x00007fffec070000 - 0x00007fffec0f2000 	C:\WINDOWS\System32\bcryptPrimitives.dll
0x00007fffe59d0000 - 0x00007fffe59f5000 	C:\Program Files\Java\jdk-17.0.4.1\bin\java.dll

dbghelp: loaded successfully - version: 4.0.5 - missing functions: none
symbol engine: initialized successfully - sym options: 0x614 - pdb path: .;C:\Program Files\Java\jdk-17.0.4.1\bin;C:\WINDOWS\SYSTEM32;C:\WINDOWS\WinSxS\amd64_microsoft.windows.common-controls_6595b64144ccf1df_6.0.19041.1110_none_60b5254171f9507e;C:\Program Files\Java\jdk-17.0.4.1\bin\server

VM Arguments:
jvm_args: -Dfile.encoding=UTF-8 -XX:+ShowCodeDetailsInExceptionMessages 
java_command: TvTracker.TvJDBC
java_class_path (initial): C:\ProjectDir\Project1TvShowTracker\bin;C:\Program Files\MySQL\MySQLJava\mysql-connector-java-8.0.30.jar
Launcher Type: SUN_STANDARD

[Global flags]
     intx CICompilerCount                          = 4                                         {product} {ergonomic}
     uint ConcGCThreads                            = 2                                         {product} {ergonomic}
     uint G1ConcRefinementThreads                  = 8                                         {product} {ergonomic}
   size_t G1HeapRegionSize                         = 2097152                                   {product} {ergonomic}
    uintx GCDrainStackTargetSize                   = 64                                        {product} {ergonomic}
   size_t InitialHeapSize                          = 268435456                                 {product} {ergonomic}
   size_t MarkStackSize                            = 4194304                                   {product} {ergonomic}
   size_t MaxHeapSize                              = 4278190080                                {product} {ergonomic}
   size_t MinHeapDeltaBytes                        = 2097152                                   {product} {ergonomic}
   size_t MinHeapSize                              = 8388608                                   {product} {ergonomic}
    uintx NonNMethodCodeHeapSize                   = 5839372                                {pd product} {ergonomic}
    uintx NonProfiledCodeHeapSize                  = 122909434                              {pd product} {ergonomic}
    uintx ProfiledCodeHeapSize                     = 122909434                              {pd product} {ergonomic}
    uintx ReservedCodeCacheSize                    = 251658240                              {pd product} {ergonomic}
     bool SegmentedCodeCache                       = true                                      {product} {ergonomic}
     bool ShowCodeDetailsInExceptionMessages       = true                                   {manageable} {command line}
   size_t SoftMaxHeapSize                          = 4278190080                             {manageable} {ergonomic}
     bool UseCompressedClassPointers               = true                           {product lp64_product} {ergonomic}
     bool UseCompressedOops                        = true                           {product lp64_product} {ergonomic}
     bool UseG1GC                                  = true                                      {product} {ergonomic}
     bool UseLargePagesIndividualAllocation        = false                                  {pd product} {ergonomic}

Logging:
Log output configuration:
 #0: stdout all=warning uptime,level,tags
 #1: stderr all=off uptime,level,tags

Environment Variables:
JAVA_HOME=C:\Users\malok\AppData\Local\Programs\Eclipse Adoptium\jdk-17.0.4.101-hotspot\
PATH=C:/Program Files/Java/jdk-17.0.4.1/bin/server;C:/Program Files/Java/jdk-17.0.4.1/bin;C:\Program Files\Common Files\Oracle\Java\javapath;D:\malok\product\18.0.0\dbhomeXE\bin;C:\Program Files (x86)\Common Files\Oracle\Java\javapath;C:\ProgramData\Oracle\Java\javapath;C:\Program Files (x86)\Intel\iCLS Client\;C:\Program Files\Intel\iCLS Client\;C:\WINDOWS\system32;C:\WINDOWS;C:\WINDOWS\System32\Wbem;C:\WINDOWS\System32\WindowsPowerShell\v1.0\;C:\Program Files (x86)\Intel\Intel(R) Management Engine Components\DAL;C:\Program Files\Intel\Intel(R) Management Engine Components\DAL;C:\Program Files (x86)\Intel\Intel(R) Management Engine Components\IPT;C:\Program Files\Intel\Intel(R) Management Engine Components\IPT;C:\Program Files (x86)\NVIDIA Corporation\PhysX\Common;C:\Android;C:\Windows\System32;C:\WINDOWS\System32\OpenSSH\;C:\Program Files\Git\cmd;C:\Program Files\PuTTY\;C:\Program Files\NVIDIA Corporation\NVIDIA NvDLISR;C:\Program Files\Java\jdk-17.0.4.1\bin;D:\Program Files\MATLAB\R2020a\bin;C:\WINDOWS\system32;C:\WINDOWS;C:\WINDOWS\System32\Wbem;C:\WINDOWS\System32\WindowsPowerShell\v1.0\;C:\WINDOWS\System32\OpenSSH\;C:\Program Files\nodejs\;C:\Program Files\MySQL\MySQL Shell 8.0\bin\;C:\Users\malok\AppData\Local\Programs\Eclipse Adoptium\jdk-17.0.4.101-hotspot\bin;C:\Users\malok\AppData\Local\Microsoft\WindowsApps;;C:\Users\malok\AppData\Local\Programs\Microsoft VS Code\bin;d:\model_tech\win32pe_edu;d:\Modeltech_pe_edu_10.4a\win32pe_edu;C:\Users\malok\AppData\Roaming\npm;C:\Users\malok\eclipse\java-2022-06\eclipse;
USERNAME=malok
OS=Windows_NT
PROCESSOR_IDENTIFIER=Intel64 Family 6 Model 158 Stepping 9, GenuineIntel



---------------  S Y S T E M  ---------------

OS:
 Windows 10 , 64 bit Build 19041 (10.0.19041.1889)
OS uptime: 3 days 10:42 hours

CPU: total 8 (initial active 8) (4 cores per cpu, 2 threads per core) family 6 model 158 stepping 9 microcode 0xb4, cx8, cmov, fxsr, ht, mmx, 3dnowpref, sse, sse2, sse3, ssse3, sse4.1, sse4.2, popcnt, lzcnt, tsc, tscinvbit, avx, avx2, aes, erms, clmul, bmi1, bmi2, rtm, adx, fma, vzeroupper, clflush, clflushopt

Memory: 4k page, system-wide physical 16319M (4603M free)
TotalPageFile size 65376M (AvailPageFile size 147M)
current process WorkingSet (physical memory assigned to process): 10M, peak: 10M
current process commit charge ("private bytes"): 60M, peak: 316M

vm_info: Java HotSpot(TM) 64-Bit Server VM (17.0.4.1+1-LTS-2) for windows-amd64 JRE (17.0.4.1+1-LTS-2), built on Aug 16 2022 18:32:06 by "mach5one" with MS VC++ 16.8 / 16.9 (VS2019)

END.
